2025-08-01T19:13:46: 
2025-08-01T19:13:46: > succinct-recipes@0.1.0 start
2025-08-01T19:13:46: > next start
2025-08-01T19:13:46: 
2025-08-01T19:13:46:    ▲ Next.js 15.4.5
2025-08-01T19:13:46:    - Local:        http://localhost:3000
2025-08-01T19:13:46:    - Network:      http://31.97.115.45:3000
2025-08-01T19:13:46: 
2025-08-01T19:13:46:  ✓ Starting...
2025-08-01T19:13:47: 
2025-08-01T19:13:47: > succinct-recipes@0.1.0 start
2025-08-01T19:13:47: > next start
2025-08-01T19:13:47: 
2025-08-01T19:13:47:    ▲ Next.js 15.4.5
2025-08-01T19:13:47:    - Local:        http://localhost:3000
2025-08-01T19:13:47:    - Network:      http://31.97.115.45:3000
2025-08-01T19:13:47: 
2025-08-01T19:13:47:  ✓ Starting...
2025-08-01T19:13:47: 
2025-08-01T19:13:47: > succinct-recipes@0.1.0 start
2025-08-01T19:13:47: > next start
2025-08-01T19:13:47: 
2025-08-01T19:13:48:    ▲ Next.js 15.4.5
2025-08-01T19:13:48:    - Local:        http://localhost:3000
2025-08-01T19:13:48:    - Network:      http://31.97.115.45:3000
2025-08-01T19:13:48: 
2025-08-01T19:13:48:  ✓ Starting...
2025-08-01T19:13:48: 
2025-08-01T19:13:48: > succinct-recipes@0.1.0 start
2025-08-01T19:13:48: > next start
2025-08-01T19:13:48: 
2025-08-01T19:13:48:    ▲ Next.js 15.4.5
2025-08-01T19:13:48:    - Local:        http://localhost:3000
2025-08-01T19:13:48:    - Network:      http://31.97.115.45:3000
2025-08-01T19:13:48: 
2025-08-01T19:13:48:  ✓ Starting...
2025-08-01T19:13:49: 
2025-08-01T19:13:49: > succinct-recipes@0.1.0 start
2025-08-01T19:13:49: > next start
2025-08-01T19:13:49: 
2025-08-01T19:13:49:    ▲ Next.js 15.4.5
2025-08-01T19:13:49:    - Local:        http://localhost:3000
2025-08-01T19:13:49:    - Network:      http://31.97.115.45:3000
2025-08-01T19:13:49: 
2025-08-01T19:13:49:  ✓ Starting...
2025-08-01T19:13:49: 
2025-08-01T19:13:49: > succinct-recipes@0.1.0 start
2025-08-01T19:13:49: > next start
2025-08-01T19:13:49: 
2025-08-01T19:13:49:    ▲ Next.js 15.4.5
2025-08-01T19:13:49:    - Local:        http://localhost:3000
2025-08-01T19:13:49:    - Network:      http://31.97.115.45:3000
2025-08-01T19:13:49: 
2025-08-01T19:13:49:  ✓ Starting...
2025-08-01T19:13:50: 
2025-08-01T19:13:50: > succinct-recipes@0.1.0 start
2025-08-01T19:13:50: > next start
2025-08-01T19:13:50: 
2025-08-01T19:13:50:    ▲ Next.js 15.4.5
2025-08-01T19:13:50:    - Local:        http://localhost:3000
2025-08-01T19:13:50:    - Network:      http://31.97.115.45:3000
2025-08-01T19:13:50: 
2025-08-01T19:13:50:  ✓ Starting...
2025-08-01T19:13:51: 
2025-08-01T19:13:51: > succinct-recipes@0.1.0 start
2025-08-01T19:13:51: > next start
2025-08-01T19:13:51: 
2025-08-01T19:13:51:    ▲ Next.js 15.4.5
2025-08-01T19:13:51:    - Local:        http://localhost:3000
2025-08-01T19:13:51:    - Network:      http://31.97.115.45:3000
2025-08-01T19:13:51: 
2025-08-01T19:13:51:  ✓ Starting...
2025-08-01T19:13:51: 
2025-08-01T19:13:51: > succinct-recipes@0.1.0 start
2025-08-01T19:13:51: > next start
2025-08-01T19:13:51: 
2025-08-01T19:13:51:    ▲ Next.js 15.4.5
2025-08-01T19:13:51:    - Local:        http://localhost:3000
2025-08-01T19:13:51:    - Network:      http://31.97.115.45:3000
2025-08-01T19:13:51: 
2025-08-01T19:13:51:  ✓ Starting...
2025-08-01T19:13:52: 
2025-08-01T19:13:52: > succinct-recipes@0.1.0 start
2025-08-01T19:13:52: > next start
2025-08-01T19:13:52: 
2025-08-01T19:13:52:    ▲ Next.js 15.4.5
2025-08-01T19:13:52:    - Local:        http://localhost:3000
2025-08-01T19:13:52:    - Network:      http://31.97.115.45:3000
2025-08-01T19:13:52: 
2025-08-01T19:13:52:  ✓ Starting...
2025-08-01T19:13:52: 
2025-08-01T19:13:52: > succinct-recipes@0.1.0 start
2025-08-01T19:13:52: > next start
2025-08-01T19:13:52: 
2025-08-01T19:13:53:    ▲ Next.js 15.4.5
2025-08-01T19:13:53:    - Local:        http://localhost:3000
2025-08-01T19:13:53:    - Network:      http://31.97.115.45:3000
2025-08-01T19:13:53: 
2025-08-01T19:13:53:  ✓ Starting...
2025-08-01T19:13:53: 
2025-08-01T19:13:53: > succinct-recipes@0.1.0 start
2025-08-01T19:13:53: > next start
2025-08-01T19:13:53: 
2025-08-01T19:13:53:    ▲ Next.js 15.4.5
2025-08-01T19:13:53:    - Local:        http://localhost:3000
2025-08-01T19:13:53:    - Network:      http://31.97.115.45:3000
2025-08-01T19:13:53: 
2025-08-01T19:13:53:  ✓ Starting...
2025-08-01T19:13:54: 
2025-08-01T19:13:54: > succinct-recipes@0.1.0 start
2025-08-01T19:13:54: > next start
2025-08-01T19:13:54: 
2025-08-01T19:13:54:    ▲ Next.js 15.4.5
2025-08-01T19:13:54:    - Local:        http://localhost:3000
2025-08-01T19:13:54:    - Network:      http://31.97.115.45:3000
2025-08-01T19:13:54: 
2025-08-01T19:13:54:  ✓ Starting...
2025-08-01T19:13:54: 
2025-08-01T19:13:54: > succinct-recipes@0.1.0 start
2025-08-01T19:13:54: > next start
2025-08-01T19:13:54: 
2025-08-01T19:13:54:    ▲ Next.js 15.4.5
2025-08-01T19:13:54:    - Local:        http://localhost:3000
2025-08-01T19:13:54:    - Network:      http://31.97.115.45:3000
2025-08-01T19:13:54: 
2025-08-01T19:13:54:  ✓ Starting...
2025-08-01T19:13:55: 
2025-08-01T19:13:55: > succinct-recipes@0.1.0 start
2025-08-01T19:13:55: > next start
2025-08-01T19:13:55: 
2025-08-01T19:13:55:    ▲ Next.js 15.4.5
2025-08-01T19:13:55:    - Local:        http://localhost:3000
2025-08-01T19:13:55:    - Network:      http://31.97.115.45:3000
2025-08-01T19:13:55: 
2025-08-01T19:13:55:  ✓ Starting...
2025-08-01T19:13:56: 
2025-08-01T19:13:56: > succinct-recipes@0.1.0 start
2025-08-01T19:13:56: > next start
2025-08-01T19:13:56: 
2025-08-01T19:13:56:    ▲ Next.js 15.4.5
2025-08-01T19:13:56:    - Local:        http://localhost:3000
2025-08-01T19:13:56:    - Network:      http://31.97.115.45:3000
2025-08-01T19:13:56: 
2025-08-01T19:13:56:  ✓ Starting...
2025-08-01T19:24:40: 
2025-08-01T19:24:40: > succinct-recipes@0.1.0 start
2025-08-01T19:24:40: > next start
2025-08-01T19:24:40: 
2025-08-01T19:24:40:    ▲ Next.js 15.4.5
2025-08-01T19:24:40:    - Local:        http://localhost:3000
2025-08-01T19:24:40:    - Network:      http://31.97.115.45:3000
2025-08-01T19:24:40: 
2025-08-01T19:24:40:  ✓ Starting...
2025-08-01T19:24:40:  ✓ Ready in 501ms
2025-08-01T19:27:35: 
2025-08-01T19:27:35: > succinct-recipes@0.1.0 start
2025-08-01T19:27:35: > next start
2025-08-01T19:27:35: 
2025-08-01T19:27:35:    ▲ Next.js 15.4.5
2025-08-01T19:27:35:    - Local:        http://localhost:3000
2025-08-01T19:27:35:    - Network:      http://31.97.115.45:3000
2025-08-01T19:27:35: 
2025-08-01T19:27:35:  ✓ Starting...
2025-08-01T19:27:35:  ✓ Ready in 446ms
2025-08-01T19:28:43: 
2025-08-01T19:28:43: > succinct-recipes@0.1.0 start
2025-08-01T19:28:43: > next start
2025-08-01T19:28:43: 
2025-08-01T19:28:44:    ▲ Next.js 15.4.5
2025-08-01T19:28:44:    - Local:        http://localhost:3000
2025-08-01T19:28:44:    - Network:      http://31.97.115.45:3000
2025-08-01T19:28:44: 
2025-08-01T19:28:44:  ✓ Starting...
2025-08-01T19:28:44: 
2025-08-01T19:28:44: > succinct-recipes@0.1.0 start
2025-08-01T19:28:44: > next start
2025-08-01T19:28:44: 
2025-08-01T19:28:44:    ▲ Next.js 15.4.5
2025-08-01T19:28:44:    - Local:        http://localhost:3000
2025-08-01T19:28:44:    - Network:      http://31.97.115.45:3000
2025-08-01T19:28:44: 
2025-08-01T19:28:44:  ✓ Starting...
2025-08-01T19:28:45: 
2025-08-01T19:28:45: > succinct-recipes@0.1.0 start
2025-08-01T19:28:45: > next start
2025-08-01T19:28:45: 
2025-08-01T19:28:45:    ▲ Next.js 15.4.5
2025-08-01T19:28:45:    - Local:        http://localhost:3000
2025-08-01T19:28:45:    - Network:      http://31.97.115.45:3000
2025-08-01T19:28:45: 
2025-08-01T19:28:45:  ✓ Starting...
2025-08-01T19:28:45: 
2025-08-01T19:28:45: > succinct-recipes@0.1.0 start
2025-08-01T19:28:45: > next start
2025-08-01T19:28:45: 
2025-08-01T19:28:46:    ▲ Next.js 15.4.5
2025-08-01T19:28:46:    - Local:        http://localhost:3000
2025-08-01T19:28:46:    - Network:      http://31.97.115.45:3000
2025-08-01T19:28:46: 
2025-08-01T19:28:46:  ✓ Starting...
2025-08-01T19:28:46: 
2025-08-01T19:28:46: > succinct-recipes@0.1.0 start
2025-08-01T19:28:46: > next start
2025-08-01T19:28:46: 
2025-08-01T19:28:46:    ▲ Next.js 15.4.5
2025-08-01T19:28:46:    - Local:        http://localhost:3000
2025-08-01T19:28:46:    - Network:      http://31.97.115.45:3000
2025-08-01T19:28:46: 
2025-08-01T19:28:46:  ✓ Starting...
2025-08-01T19:28:47: 
2025-08-01T19:28:47: > succinct-recipes@0.1.0 start
2025-08-01T19:28:47: > next start
2025-08-01T19:28:47: 
2025-08-01T19:28:47:    ▲ Next.js 15.4.5
2025-08-01T19:28:47:    - Local:        http://localhost:3000
2025-08-01T19:28:47:    - Network:      http://31.97.115.45:3000
2025-08-01T19:28:47: 
2025-08-01T19:28:47:  ✓ Starting...
2025-08-01T19:28:47: 
2025-08-01T19:28:47: > succinct-recipes@0.1.0 start
2025-08-01T19:28:47: > next start
2025-08-01T19:28:47: 
2025-08-01T19:28:47:    ▲ Next.js 15.4.5
2025-08-01T19:28:47:    - Local:        http://localhost:3000
2025-08-01T19:28:47:    - Network:      http://31.97.115.45:3000
2025-08-01T19:28:47: 
2025-08-01T19:28:47:  ✓ Starting...
2025-08-01T19:28:48: 
2025-08-01T19:28:48: > succinct-recipes@0.1.0 start
2025-08-01T19:28:48: > next start
2025-08-01T19:28:48: 
2025-08-01T19:28:48:    ▲ Next.js 15.4.5
2025-08-01T19:28:48:    - Local:        http://localhost:3000
2025-08-01T19:28:48:    - Network:      http://31.97.115.45:3000
2025-08-01T19:28:48: 
2025-08-01T19:28:48:  ✓ Starting...
2025-08-01T19:28:48: 
2025-08-01T19:28:48: > succinct-recipes@0.1.0 start
2025-08-01T19:28:48: > next start
2025-08-01T19:28:48: 
2025-08-01T19:28:49:    ▲ Next.js 15.4.5
2025-08-01T19:28:49:    - Local:        http://localhost:3000
2025-08-01T19:28:49:    - Network:      http://31.97.115.45:3000
2025-08-01T19:28:49: 
2025-08-01T19:28:49:  ✓ Starting...
2025-08-01T19:28:49: 
2025-08-01T19:28:49: > succinct-recipes@0.1.0 start
2025-08-01T19:28:49: > next start
2025-08-01T19:28:49: 
2025-08-01T19:28:49:    ▲ Next.js 15.4.5
2025-08-01T19:28:49:    - Local:        http://localhost:3000
2025-08-01T19:28:49:    - Network:      http://31.97.115.45:3000
2025-08-01T19:28:49: 
2025-08-01T19:28:49:  ✓ Starting...
2025-08-01T19:28:50: 
2025-08-01T19:28:50: > succinct-recipes@0.1.0 start
2025-08-01T19:28:50: > next start
2025-08-01T19:28:50: 
2025-08-01T19:28:50:    ▲ Next.js 15.4.5
2025-08-01T19:28:50:    - Local:        http://localhost:3000
2025-08-01T19:28:50:    - Network:      http://31.97.115.45:3000
2025-08-01T19:28:50: 
2025-08-01T19:28:50:  ✓ Starting...
2025-08-01T19:28:50: 
2025-08-01T19:28:50: > succinct-recipes@0.1.0 start
2025-08-01T19:28:50: > next start
2025-08-01T19:28:50: 
2025-08-01T19:28:50:    ▲ Next.js 15.4.5
2025-08-01T19:28:50:    - Local:        http://localhost:3000
2025-08-01T19:28:50:    - Network:      http://31.97.115.45:3000
2025-08-01T19:28:50: 
2025-08-01T19:28:50:  ✓ Starting...
2025-08-01T19:28:51: 
2025-08-01T19:28:51: > succinct-recipes@0.1.0 start
2025-08-01T19:28:51: > next start
2025-08-01T19:28:51: 
2025-08-01T19:28:51:    ▲ Next.js 15.4.5
2025-08-01T19:28:51:    - Local:        http://localhost:3000
2025-08-01T19:28:51:    - Network:      http://31.97.115.45:3000
2025-08-01T19:28:51: 
2025-08-01T19:28:51:  ✓ Starting...
2025-08-01T19:28:52: 
2025-08-01T19:28:52: > succinct-recipes@0.1.0 start
2025-08-01T19:28:52: > next start
2025-08-01T19:28:52: 
2025-08-01T19:28:52:    ▲ Next.js 15.4.5
2025-08-01T19:28:52:    - Local:        http://localhost:3000
2025-08-01T19:28:52:    - Network:      http://31.97.115.45:3000
2025-08-01T19:28:52: 
2025-08-01T19:28:52:  ✓ Starting...
2025-08-01T19:28:52: 
2025-08-01T19:28:52: > succinct-recipes@0.1.0 start
2025-08-01T19:28:52: > next start
2025-08-01T19:28:52: 
2025-08-01T19:28:52:    ▲ Next.js 15.4.5
2025-08-01T19:28:52:    - Local:        http://localhost:3000
2025-08-01T19:28:52:    - Network:      http://31.97.115.45:3000
2025-08-01T19:28:52: 
2025-08-01T19:28:52:  ✓ Starting...
2025-08-01T19:28:53: 
2025-08-01T19:28:53: > succinct-recipes@0.1.0 start
2025-08-01T19:28:53: > next start
2025-08-01T19:28:53: 
2025-08-01T19:28:53:    ▲ Next.js 15.4.5
2025-08-01T19:28:53:    - Local:        http://localhost:3000
2025-08-01T19:28:53:    - Network:      http://31.97.115.45:3000
2025-08-01T19:28:53: 
2025-08-01T19:28:53:  ✓ Starting...
2025-08-01T19:31:45: 
2025-08-01T19:31:45: > succinct-recipes@0.1.0 start
2025-08-01T19:31:45: > next start
2025-08-01T19:31:45: 
2025-08-01T19:31:46:    ▲ Next.js 15.4.5
2025-08-01T19:31:46:    - Local:        http://localhost:3000
2025-08-01T19:31:46:    - Network:      http://31.97.115.45:3000
2025-08-01T19:31:46: 
2025-08-01T19:31:46:  ✓ Starting...
2025-08-01T19:31:46: 
2025-08-01T19:31:46: > succinct-recipes@0.1.0 start
2025-08-01T19:31:46: > next start
2025-08-01T19:31:46: 
2025-08-01T19:31:46:    ▲ Next.js 15.4.5
2025-08-01T19:31:46:    - Local:        http://localhost:3000
2025-08-01T19:31:46:    - Network:      http://31.97.115.45:3000
2025-08-01T19:31:46: 
2025-08-01T19:31:46:  ✓ Starting...
2025-08-01T19:31:47: 
2025-08-01T19:31:47: > succinct-recipes@0.1.0 start
2025-08-01T19:31:47: > next start
2025-08-01T19:31:47: 
2025-08-01T19:31:47:    ▲ Next.js 15.4.5
2025-08-01T19:31:47:    - Local:        http://localhost:3000
2025-08-01T19:31:47:    - Network:      http://31.97.115.45:3000
2025-08-01T19:31:47: 
2025-08-01T19:31:47:  ✓ Starting...
2025-08-01T19:31:47: 
2025-08-01T19:31:47: > succinct-recipes@0.1.0 start
2025-08-01T19:31:47: > next start
2025-08-01T19:31:47: 
2025-08-01T19:31:47:    ▲ Next.js 15.4.5
2025-08-01T19:31:47:    - Local:        http://localhost:3000
2025-08-01T19:31:47:    - Network:      http://31.97.115.45:3000
2025-08-01T19:31:47: 
2025-08-01T19:31:47:  ✓ Starting...
2025-08-01T19:31:48: 
2025-08-01T19:31:48: > succinct-recipes@0.1.0 start
2025-08-01T19:31:48: > next start
2025-08-01T19:31:48: 
2025-08-01T19:31:48:    ▲ Next.js 15.4.5
2025-08-01T19:31:48:    - Local:        http://localhost:3000
2025-08-01T19:31:48:    - Network:      http://31.97.115.45:3000
2025-08-01T19:31:48: 
2025-08-01T19:31:48:  ✓ Starting...
2025-08-01T19:31:49: 
2025-08-01T19:31:49: > succinct-recipes@0.1.0 start
2025-08-01T19:31:49: > next start
2025-08-01T19:31:49: 
2025-08-01T19:31:49:    ▲ Next.js 15.4.5
2025-08-01T19:31:49:    - Local:        http://localhost:3000
2025-08-01T19:31:49:    - Network:      http://31.97.115.45:3000
2025-08-01T19:31:49: 
2025-08-01T19:31:49:  ✓ Starting...
2025-08-01T19:31:49: 
2025-08-01T19:31:49: > succinct-recipes@0.1.0 start
2025-08-01T19:31:49: > next start
2025-08-01T19:31:49: 
2025-08-01T19:31:49:    ▲ Next.js 15.4.5
2025-08-01T19:31:49:    - Local:        http://localhost:3000
2025-08-01T19:31:49:    - Network:      http://31.97.115.45:3000
2025-08-01T19:31:49: 
2025-08-01T19:31:49:  ✓ Starting...
2025-08-01T19:31:50: 
2025-08-01T19:31:50: > succinct-recipes@0.1.0 start
2025-08-01T19:31:50: > next start
2025-08-01T19:31:50: 
2025-08-01T19:31:50:    ▲ Next.js 15.4.5
2025-08-01T19:31:50:    - Local:        http://localhost:3000
2025-08-01T19:31:50:    - Network:      http://31.97.115.45:3000
2025-08-01T19:31:50: 
2025-08-01T19:31:50:  ✓ Starting...
2025-08-01T19:31:50: 
2025-08-01T19:31:50: > succinct-recipes@0.1.0 start
2025-08-01T19:31:50: > next start
2025-08-01T19:31:50: 
2025-08-01T19:31:51:    ▲ Next.js 15.4.5
2025-08-01T19:31:51:    - Local:        http://localhost:3000
2025-08-01T19:31:51:    - Network:      http://31.97.115.45:3000
2025-08-01T19:31:51: 
2025-08-01T19:31:51:  ✓ Starting...
2025-08-01T19:31:51: 
2025-08-01T19:31:51: > succinct-recipes@0.1.0 start
2025-08-01T19:31:51: > next start
2025-08-01T19:31:51: 
2025-08-01T19:31:51:    ▲ Next.js 15.4.5
2025-08-01T19:31:51:    - Local:        http://localhost:3000
2025-08-01T19:31:51:    - Network:      http://31.97.115.45:3000
2025-08-01T19:31:51: 
2025-08-01T19:31:51:  ✓ Starting...
2025-08-01T19:31:52: 
2025-08-01T19:31:52: > succinct-recipes@0.1.0 start
2025-08-01T19:31:52: > next start
2025-08-01T19:31:52: 
2025-08-01T19:31:52:    ▲ Next.js 15.4.5
2025-08-01T19:31:52:    - Local:        http://localhost:3000
2025-08-01T19:31:52:    - Network:      http://31.97.115.45:3000
2025-08-01T19:31:52: 
2025-08-01T19:31:52:  ✓ Starting...
2025-08-01T19:31:52: 
2025-08-01T19:31:52: > succinct-recipes@0.1.0 start
2025-08-01T19:31:52: > next start
2025-08-01T19:31:52: 
2025-08-01T19:31:52:    ▲ Next.js 15.4.5
2025-08-01T19:31:52:    - Local:        http://localhost:3000
2025-08-01T19:31:52:    - Network:      http://31.97.115.45:3000
2025-08-01T19:31:52: 
2025-08-01T19:31:52:  ✓ Starting...
2025-08-01T19:31:53: 
2025-08-01T19:31:53: > succinct-recipes@0.1.0 start
2025-08-01T19:31:53: > next start
2025-08-01T19:31:53: 
2025-08-01T19:31:53:    ▲ Next.js 15.4.5
2025-08-01T19:31:53:    - Local:        http://localhost:3000
2025-08-01T19:31:53:    - Network:      http://31.97.115.45:3000
2025-08-01T19:31:53: 
2025-08-01T19:31:53:  ✓ Starting...
2025-08-01T19:31:54: 
2025-08-01T19:31:54: > succinct-recipes@0.1.0 start
2025-08-01T19:31:54: > next start
2025-08-01T19:31:54: 
2025-08-01T19:31:54:    ▲ Next.js 15.4.5
2025-08-01T19:31:54:    - Local:        http://localhost:3000
2025-08-01T19:31:54:    - Network:      http://31.97.115.45:3000
2025-08-01T19:31:54: 
2025-08-01T19:31:54:  ✓ Starting...
2025-08-01T19:31:54: 
2025-08-01T19:31:54: > succinct-recipes@0.1.0 start
2025-08-01T19:31:54: > next start
2025-08-01T19:31:54: 
2025-08-01T19:31:54:    ▲ Next.js 15.4.5
2025-08-01T19:31:54:    - Local:        http://localhost:3000
2025-08-01T19:31:54:    - Network:      http://31.97.115.45:3000
2025-08-01T19:31:54: 
2025-08-01T19:31:54:  ✓ Starting...
2025-08-01T19:31:55: 
2025-08-01T19:31:55: > succinct-recipes@0.1.0 start
2025-08-01T19:31:55: > next start
2025-08-01T19:31:55: 
2025-08-01T19:31:55:    ▲ Next.js 15.4.5
2025-08-01T19:31:55:    - Local:        http://localhost:3000
2025-08-01T19:31:55:    - Network:      http://31.97.115.45:3000
2025-08-01T19:31:55: 
2025-08-01T19:31:55:  ✓ Starting...
2025-08-01T19:36:02: 
2025-08-01T19:36:02: > succinct-recipes@0.1.0 start
2025-08-01T19:36:02: > next start
2025-08-01T19:36:02: 
2025-08-01T19:36:02:    ▲ Next.js 15.4.5
2025-08-01T19:36:02:    - Local:        http://localhost:3000
2025-08-01T19:36:02:    - Network:      http://31.97.115.45:3000
2025-08-01T19:36:02: 
2025-08-01T19:36:02:  ✓ Starting...
2025-08-01T19:36:02:  ✓ Ready in 475ms
2025-08-01T19:45:54: 
2025-08-01T19:45:54: > succinct-recipes@0.1.0 start
2025-08-01T19:45:54: > next start
2025-08-01T19:45:54: 
2025-08-01T19:45:54:    ▲ Next.js 15.4.5
2025-08-01T19:45:54:    - Local:        http://localhost:3000
2025-08-01T19:45:54:    - Network:      http://31.97.115.45:3000
2025-08-01T19:45:54: 
2025-08-01T19:45:54:  ✓ Starting...
2025-08-01T19:45:55: 
2025-08-01T19:45:55: > succinct-recipes@0.1.0 start
2025-08-01T19:45:55: > next start
2025-08-01T19:45:55: 
2025-08-01T19:45:55:    ▲ Next.js 15.4.5
2025-08-01T19:45:55:    - Local:        http://localhost:3000
2025-08-01T19:45:55:    - Network:      http://31.97.115.45:3000
2025-08-01T19:45:55: 
2025-08-01T19:45:55:  ✓ Starting...
2025-08-01T19:45:55: 
2025-08-01T19:45:55: > succinct-recipes@0.1.0 start
2025-08-01T19:45:55: > next start
2025-08-01T19:45:55: 
2025-08-01T19:45:55:    ▲ Next.js 15.4.5
2025-08-01T19:45:55:    - Local:        http://localhost:3000
2025-08-01T19:45:55:    - Network:      http://31.97.115.45:3000
2025-08-01T19:45:55: 
2025-08-01T19:45:55:  ✓ Starting...
2025-08-01T19:45:56: 
2025-08-01T19:45:56: > succinct-recipes@0.1.0 start
2025-08-01T19:45:56: > next start
2025-08-01T19:45:56: 
2025-08-01T19:45:56:    ▲ Next.js 15.4.5
2025-08-01T19:45:56:    - Local:        http://localhost:3000
2025-08-01T19:45:56:    - Network:      http://31.97.115.45:3000
2025-08-01T19:45:56: 
2025-08-01T19:45:56:  ✓ Starting...
2025-08-01T19:45:57: 
2025-08-01T19:45:57: > succinct-recipes@0.1.0 start
2025-08-01T19:45:57: > next start
2025-08-01T19:45:57: 
2025-08-01T19:45:57:    ▲ Next.js 15.4.5
2025-08-01T19:45:57:    - Local:        http://localhost:3000
2025-08-01T19:45:57:    - Network:      http://31.97.115.45:3000
2025-08-01T19:45:57: 
2025-08-01T19:45:57:  ✓ Starting...
2025-08-01T19:45:57: 
2025-08-01T19:45:57: > succinct-recipes@0.1.0 start
2025-08-01T19:45:57: > next start
2025-08-01T19:45:57: 
2025-08-01T19:45:57:    ▲ Next.js 15.4.5
2025-08-01T19:45:57:    - Local:        http://localhost:3000
2025-08-01T19:45:57:    - Network:      http://31.97.115.45:3000
2025-08-01T19:45:57: 
2025-08-01T19:45:57:  ✓ Starting...
2025-08-01T19:45:58: 
2025-08-01T19:45:58: > succinct-recipes@0.1.0 start
2025-08-01T19:45:58: > next start
2025-08-01T19:45:58: 
2025-08-01T19:45:58:    ▲ Next.js 15.4.5
2025-08-01T19:45:58:    - Local:        http://localhost:3000
2025-08-01T19:45:58:    - Network:      http://31.97.115.45:3000
2025-08-01T19:45:58: 
2025-08-01T19:45:58:  ✓ Starting...
2025-08-01T19:45:58: 
2025-08-01T19:45:58: > succinct-recipes@0.1.0 start
2025-08-01T19:45:58: > next start
2025-08-01T19:45:58: 
2025-08-01T19:45:59:    ▲ Next.js 15.4.5
2025-08-01T19:45:59:    - Local:        http://localhost:3000
2025-08-01T19:45:59:    - Network:      http://31.97.115.45:3000
2025-08-01T19:45:59: 
2025-08-01T19:45:59:  ✓ Starting...
2025-08-01T19:45:59: 
2025-08-01T19:45:59: > succinct-recipes@0.1.0 start
2025-08-01T19:45:59: > next start
2025-08-01T19:45:59: 
2025-08-01T19:45:59:    ▲ Next.js 15.4.5
2025-08-01T19:45:59:    - Local:        http://localhost:3000
2025-08-01T19:45:59:    - Network:      http://31.97.115.45:3000
2025-08-01T19:45:59: 
2025-08-01T19:45:59:  ✓ Starting...
2025-08-01T19:46:00: 
2025-08-01T19:46:00: > succinct-recipes@0.1.0 start
2025-08-01T19:46:00: > next start
2025-08-01T19:46:00: 
2025-08-01T19:46:00:    ▲ Next.js 15.4.5
2025-08-01T19:46:00:    - Local:        http://localhost:3000
2025-08-01T19:46:00:    - Network:      http://31.97.115.45:3000
2025-08-01T19:46:00: 
2025-08-01T19:46:00:  ✓ Starting...
2025-08-01T19:46:00: 
2025-08-01T19:46:00: > succinct-recipes@0.1.0 start
2025-08-01T19:46:00: > next start
2025-08-01T19:46:00: 
2025-08-01T19:46:00:    ▲ Next.js 15.4.5
2025-08-01T19:46:00:    - Local:        http://localhost:3000
2025-08-01T19:46:00:    - Network:      http://31.97.115.45:3000
2025-08-01T19:46:00: 
2025-08-01T19:46:00:  ✓ Starting...
2025-08-01T19:46:01: 
2025-08-01T19:46:01: > succinct-recipes@0.1.0 start
2025-08-01T19:46:01: > next start
2025-08-01T19:46:01: 
2025-08-01T19:46:01:    ▲ Next.js 15.4.5
2025-08-01T19:46:01:    - Local:        http://localhost:3000
2025-08-01T19:46:01:    - Network:      http://31.97.115.45:3000
2025-08-01T19:46:01: 
2025-08-01T19:46:01:  ✓ Starting...
2025-08-01T19:46:02: 
2025-08-01T19:46:02: > succinct-recipes@0.1.0 start
2025-08-01T19:46:02: > next start
2025-08-01T19:46:02: 
2025-08-01T19:46:02:    ▲ Next.js 15.4.5
2025-08-01T19:46:02:    - Local:        http://localhost:3000
2025-08-01T19:46:02:    - Network:      http://31.97.115.45:3000
2025-08-01T19:46:02: 
2025-08-01T19:46:02:  ✓ Starting...
2025-08-01T19:46:02: 
2025-08-01T19:46:02: > succinct-recipes@0.1.0 start
2025-08-01T19:46:02: > next start
2025-08-01T19:46:02: 
2025-08-01T19:46:02:    ▲ Next.js 15.4.5
2025-08-01T19:46:02:    - Local:        http://localhost:3000
2025-08-01T19:46:02:    - Network:      http://31.97.115.45:3000
2025-08-01T19:46:02: 
2025-08-01T19:46:02:  ✓ Starting...
2025-08-01T19:46:03: 
2025-08-01T19:46:03: > succinct-recipes@0.1.0 start
2025-08-01T19:46:03: > next start
2025-08-01T19:46:03: 
2025-08-01T19:46:03:    ▲ Next.js 15.4.5
2025-08-01T19:46:03:    - Local:        http://localhost:3000
2025-08-01T19:46:03:    - Network:      http://31.97.115.45:3000
2025-08-01T19:46:03: 
2025-08-01T19:46:03:  ✓ Starting...
2025-08-01T19:46:03: 
2025-08-01T19:46:03: > succinct-recipes@0.1.0 start
2025-08-01T19:46:03: > next start
2025-08-01T19:46:03: 
2025-08-01T19:46:04:    ▲ Next.js 15.4.5
2025-08-01T19:46:04:    - Local:        http://localhost:3000
2025-08-01T19:46:04:    - Network:      http://31.97.115.45:3000
2025-08-01T19:46:04: 
2025-08-01T19:46:04:  ✓ Starting...
2025-08-01T20:41:56: 
2025-08-01T20:41:56: > succinct-recipes@0.1.0 start
2025-08-01T20:41:56: > next start
2025-08-01T20:41:56: 
2025-08-01T20:41:57:    ▲ Next.js 15.4.5
2025-08-01T20:41:57:    - Local:        http://localhost:3000
2025-08-01T20:41:57:    - Network:      http://31.97.115.45:3000
2025-08-01T20:41:57: 
2025-08-01T20:41:57:  ✓ Starting...
2025-08-01T20:41:57: 
2025-08-01T20:41:57: > succinct-recipes@0.1.0 start
2025-08-01T20:41:57: > next start
2025-08-01T20:41:57: 
2025-08-01T20:41:57:    ▲ Next.js 15.4.5
2025-08-01T20:41:57:    - Local:        http://localhost:3000
2025-08-01T20:41:57:    - Network:      http://31.97.115.45:3000
2025-08-01T20:41:57: 
2025-08-01T20:41:57:  ✓ Starting...
2025-08-01T20:41:58: 
2025-08-01T20:41:58: > succinct-recipes@0.1.0 start
2025-08-01T20:41:58: > next start
2025-08-01T20:41:58: 
2025-08-01T20:41:58:    ▲ Next.js 15.4.5
2025-08-01T20:41:58:    - Local:        http://localhost:3000
2025-08-01T20:41:58:    - Network:      http://31.97.115.45:3000
2025-08-01T20:41:58: 
2025-08-01T20:41:58:  ✓ Starting...
2025-08-01T20:41:58: 
2025-08-01T20:41:58: > succinct-recipes@0.1.0 start
2025-08-01T20:41:58: > next start
2025-08-01T20:41:58: 
2025-08-01T20:41:58:    ▲ Next.js 15.4.5
2025-08-01T20:41:58:    - Local:        http://localhost:3000
2025-08-01T20:41:58:    - Network:      http://31.97.115.45:3000
2025-08-01T20:41:58: 
2025-08-01T20:41:58:  ✓ Starting...
2025-08-01T20:41:59: 
2025-08-01T20:41:59: > succinct-recipes@0.1.0 start
2025-08-01T20:41:59: > next start
2025-08-01T20:41:59: 
2025-08-01T20:41:59:    ▲ Next.js 15.4.5
2025-08-01T20:41:59:    - Local:        http://localhost:3000
2025-08-01T20:41:59:    - Network:      http://31.97.115.45:3000
2025-08-01T20:41:59: 
2025-08-01T20:41:59:  ✓ Starting...
2025-08-01T20:42:00: 
2025-08-01T20:42:00: > succinct-recipes@0.1.0 start
2025-08-01T20:42:00: > next start
2025-08-01T20:42:00: 
2025-08-01T20:42:00:    ▲ Next.js 15.4.5
2025-08-01T20:42:00:    - Local:        http://localhost:3000
2025-08-01T20:42:00:    - Network:      http://31.97.115.45:3000
2025-08-01T20:42:00: 
2025-08-01T20:42:00:  ✓ Starting...
2025-08-01T20:42:00: 
2025-08-01T20:42:00: > succinct-recipes@0.1.0 start
2025-08-01T20:42:00: > next start
2025-08-01T20:42:00: 
2025-08-01T20:42:00:    ▲ Next.js 15.4.5
2025-08-01T20:42:00:    - Local:        http://localhost:3000
2025-08-01T20:42:00:    - Network:      http://31.97.115.45:3000
2025-08-01T20:42:00: 
2025-08-01T20:42:00:  ✓ Starting...
2025-08-01T20:42:01: 
2025-08-01T20:42:01: > succinct-recipes@0.1.0 start
2025-08-01T20:42:01: > next start
2025-08-01T20:42:01: 
2025-08-01T20:42:01:    ▲ Next.js 15.4.5
2025-08-01T20:42:01:    - Local:        http://localhost:3000
2025-08-01T20:42:01:    - Network:      http://31.97.115.45:3000
2025-08-01T20:42:01: 
2025-08-01T20:42:01:  ✓ Starting...
2025-08-01T20:42:01: 
2025-08-01T20:42:01: > succinct-recipes@0.1.0 start
2025-08-01T20:42:01: > next start
2025-08-01T20:42:01: 
2025-08-01T20:42:02:    ▲ Next.js 15.4.5
2025-08-01T20:42:02:    - Local:        http://localhost:3000
2025-08-01T20:42:02:    - Network:      http://31.97.115.45:3000
2025-08-01T20:42:02: 
2025-08-01T20:42:02:  ✓ Starting...
2025-08-01T20:42:02: 
2025-08-01T20:42:02: > succinct-recipes@0.1.0 start
2025-08-01T20:42:02: > next start
2025-08-01T20:42:02: 
2025-08-01T20:42:02:    ▲ Next.js 15.4.5
2025-08-01T20:42:02:    - Local:        http://localhost:3000
2025-08-01T20:42:02:    - Network:      http://31.97.115.45:3000
2025-08-01T20:42:02: 
2025-08-01T20:42:02:  ✓ Starting...
2025-08-01T20:42:03: 
2025-08-01T20:42:03: > succinct-recipes@0.1.0 start
2025-08-01T20:42:03: > next start
2025-08-01T20:42:03: 
2025-08-01T20:42:03:    ▲ Next.js 15.4.5
2025-08-01T20:42:03:    - Local:        http://localhost:3000
2025-08-01T20:42:03:    - Network:      http://31.97.115.45:3000
2025-08-01T20:42:03: 
2025-08-01T20:42:03:  ✓ Starting...
2025-08-01T20:42:03: 
2025-08-01T20:42:03: > succinct-recipes@0.1.0 start
2025-08-01T20:42:03: > next start
2025-08-01T20:42:03: 
2025-08-01T20:42:03:    ▲ Next.js 15.4.5
2025-08-01T20:42:03:    - Local:        http://localhost:3000
2025-08-01T20:42:03:    - Network:      http://31.97.115.45:3000
2025-08-01T20:42:03: 
2025-08-01T20:42:03:  ✓ Starting...
2025-08-01T20:42:04: 
2025-08-01T20:42:04: > succinct-recipes@0.1.0 start
2025-08-01T20:42:04: > next start
2025-08-01T20:42:04: 
2025-08-01T20:42:04:    ▲ Next.js 15.4.5
2025-08-01T20:42:04:    - Local:        http://localhost:3000
2025-08-01T20:42:04:    - Network:      http://31.97.115.45:3000
2025-08-01T20:42:04: 
2025-08-01T20:42:04:  ✓ Starting...
2025-08-01T20:42:04: 
2025-08-01T20:42:04: > succinct-recipes@0.1.0 start
2025-08-01T20:42:04: > next start
2025-08-01T20:42:04: 
2025-08-01T20:42:05:    ▲ Next.js 15.4.5
2025-08-01T20:42:05:    - Local:        http://localhost:3000
2025-08-01T20:42:05:    - Network:      http://31.97.115.45:3000
2025-08-01T20:42:05: 
2025-08-01T20:42:05:  ✓ Starting...
2025-08-01T20:42:05: 
2025-08-01T20:42:05: > succinct-recipes@0.1.0 start
2025-08-01T20:42:05: > next start
2025-08-01T20:42:05: 
2025-08-01T20:42:05:    ▲ Next.js 15.4.5
2025-08-01T20:42:05:    - Local:        http://localhost:3000
2025-08-01T20:42:05:    - Network:      http://31.97.115.45:3000
2025-08-01T20:42:05: 
2025-08-01T20:42:05:  ✓ Starting...
2025-08-01T20:42:06: 
2025-08-01T20:42:06: > succinct-recipes@0.1.0 start
2025-08-01T20:42:06: > next start
2025-08-01T20:42:06: 
2025-08-01T20:42:06:    ▲ Next.js 15.4.5
2025-08-01T20:42:06:    - Local:        http://localhost:3000
2025-08-01T20:42:06:    - Network:      http://31.97.115.45:3000
2025-08-01T20:42:06: 
2025-08-01T20:42:06:  ✓ Starting...
2025-08-01T20:43:59: 
2025-08-01T20:43:59: > succinct-recipes@0.1.0 start
2025-08-01T20:43:59: > next start
2025-08-01T20:43:59: 
2025-08-01T20:44:00:    ▲ Next.js 15.4.5
2025-08-01T20:44:00:    - Local:        http://localhost:3000
2025-08-01T20:44:00:    - Network:      http://31.97.115.45:3000
2025-08-01T20:44:00: 
2025-08-01T20:44:00:  ✓ Starting...
2025-08-01T20:44:00: 
2025-08-01T20:44:00: > succinct-recipes@0.1.0 start
2025-08-01T20:44:00: > next start
2025-08-01T20:44:00: 
2025-08-01T20:44:00:    ▲ Next.js 15.4.5
2025-08-01T20:44:00:    - Local:        http://localhost:3000
2025-08-01T20:44:00:    - Network:      http://31.97.115.45:3000
2025-08-01T20:44:00: 
2025-08-01T20:44:00:  ✓ Starting...
2025-08-01T20:44:01: 
2025-08-01T20:44:01: > succinct-recipes@0.1.0 start
2025-08-01T20:44:01: > next start
2025-08-01T20:44:01: 
2025-08-01T20:44:01:    ▲ Next.js 15.4.5
2025-08-01T20:44:01:    - Local:        http://localhost:3000
2025-08-01T20:44:01:    - Network:      http://31.97.115.45:3000
2025-08-01T20:44:01: 
2025-08-01T20:44:01:  ✓ Starting...
2025-08-01T20:44:01: 
2025-08-01T20:44:01: > succinct-recipes@0.1.0 start
2025-08-01T20:44:01: > next start
2025-08-01T20:44:01: 
2025-08-01T20:44:02:    ▲ Next.js 15.4.5
2025-08-01T20:44:02:    - Local:        http://localhost:3000
2025-08-01T20:44:02:    - Network:      http://31.97.115.45:3000
2025-08-01T20:44:02: 
2025-08-01T20:44:02:  ✓ Starting...
2025-08-01T20:44:02: 
2025-08-01T20:44:02: > succinct-recipes@0.1.0 start
2025-08-01T20:44:02: > next start
2025-08-01T20:44:02: 
2025-08-01T20:44:02:    ▲ Next.js 15.4.5
2025-08-01T20:44:02:    - Local:        http://localhost:3000
2025-08-01T20:44:02:    - Network:      http://31.97.115.45:3000
2025-08-01T20:44:02: 
2025-08-01T20:44:02:  ✓ Starting...
2025-08-01T20:44:03: 
2025-08-01T20:44:03: > succinct-recipes@0.1.0 start
2025-08-01T20:44:03: > next start
2025-08-01T20:44:03: 
2025-08-01T20:44:03:    ▲ Next.js 15.4.5
2025-08-01T20:44:03:    - Local:        http://localhost:3000
2025-08-01T20:44:03:    - Network:      http://31.97.115.45:3000
2025-08-01T20:44:03: 
2025-08-01T20:44:03:  ✓ Starting...
2025-08-01T20:44:03: 
2025-08-01T20:44:03: > succinct-recipes@0.1.0 start
2025-08-01T20:44:03: > next start
2025-08-01T20:44:03: 
2025-08-01T20:44:03:    ▲ Next.js 15.4.5
2025-08-01T20:44:03:    - Local:        http://localhost:3000
2025-08-01T20:44:03:    - Network:      http://31.97.115.45:3000
2025-08-01T20:44:03: 
2025-08-01T20:44:03:  ✓ Starting...
2025-08-01T20:44:04: 
2025-08-01T20:44:04: > succinct-recipes@0.1.0 start
2025-08-01T20:44:04: > next start
2025-08-01T20:44:04: 
2025-08-01T20:44:04:    ▲ Next.js 15.4.5
2025-08-01T20:44:04:    - Local:        http://localhost:3000
2025-08-01T20:44:04:    - Network:      http://31.97.115.45:3000
2025-08-01T20:44:04: 
2025-08-01T20:44:04:  ✓ Starting...
2025-08-01T20:44:04: 
2025-08-01T20:44:04: > succinct-recipes@0.1.0 start
2025-08-01T20:44:04: > next start
2025-08-01T20:44:04: 
2025-08-01T20:44:05:    ▲ Next.js 15.4.5
2025-08-01T20:44:05:    - Local:        http://localhost:3000
2025-08-01T20:44:05:    - Network:      http://31.97.115.45:3000
2025-08-01T20:44:05: 
2025-08-01T20:44:05:  ✓ Starting...
2025-08-01T20:44:05: 
2025-08-01T20:44:05: > succinct-recipes@0.1.0 start
2025-08-01T20:44:05: > next start
2025-08-01T20:44:05: 
2025-08-01T20:44:05:    ▲ Next.js 15.4.5
2025-08-01T20:44:05:    - Local:        http://localhost:3000
2025-08-01T20:44:05:    - Network:      http://31.97.115.45:3000
2025-08-01T20:44:05: 
2025-08-01T20:44:05:  ✓ Starting...
2025-08-01T20:44:06: 
2025-08-01T20:44:06: > succinct-recipes@0.1.0 start
2025-08-01T20:44:06: > next start
2025-08-01T20:44:06: 
2025-08-01T20:44:06:    ▲ Next.js 15.4.5
2025-08-01T20:44:06:    - Local:        http://localhost:3000
2025-08-01T20:44:06:    - Network:      http://31.97.115.45:3000
2025-08-01T20:44:06: 
2025-08-01T20:44:06:  ✓ Starting...
2025-08-01T20:44:06: 
2025-08-01T20:44:06: > succinct-recipes@0.1.0 start
2025-08-01T20:44:06: > next start
2025-08-01T20:44:06: 
2025-08-01T20:44:07:    ▲ Next.js 15.4.5
2025-08-01T20:44:07:    - Local:        http://localhost:3000
2025-08-01T20:44:07:    - Network:      http://31.97.115.45:3000
2025-08-01T20:44:07: 
2025-08-01T20:44:07:  ✓ Starting...
2025-08-01T20:44:07: 
2025-08-01T20:44:07: > succinct-recipes@0.1.0 start
2025-08-01T20:44:07: > next start
2025-08-01T20:44:07: 
2025-08-01T20:44:07:    ▲ Next.js 15.4.5
2025-08-01T20:44:07:    - Local:        http://localhost:3000
2025-08-01T20:44:07:    - Network:      http://31.97.115.45:3000
2025-08-01T20:44:07: 
2025-08-01T20:44:07:  ✓ Starting...
2025-08-01T20:44:08: 
2025-08-01T20:44:08: > succinct-recipes@0.1.0 start
2025-08-01T20:44:08: > next start
2025-08-01T20:44:08: 
2025-08-01T20:44:08:    ▲ Next.js 15.4.5
2025-08-01T20:44:08:    - Local:        http://localhost:3000
2025-08-01T20:44:08:    - Network:      http://31.97.115.45:3000
2025-08-01T20:44:08: 
2025-08-01T20:44:08:  ✓ Starting...
2025-08-01T20:44:08: 
2025-08-01T20:44:08: > succinct-recipes@0.1.0 start
2025-08-01T20:44:08: > next start
2025-08-01T20:44:08: 
2025-08-01T20:44:08:    ▲ Next.js 15.4.5
2025-08-01T20:44:08:    - Local:        http://localhost:3000
2025-08-01T20:44:08:    - Network:      http://31.97.115.45:3000
2025-08-01T20:44:08: 
2025-08-01T20:44:08:  ✓ Starting...
2025-08-01T20:44:09: 
2025-08-01T20:44:09: > succinct-recipes@0.1.0 start
2025-08-01T20:44:09: > next start
2025-08-01T20:44:09: 
2025-08-01T20:44:09:    ▲ Next.js 15.4.5
2025-08-01T20:44:09:    - Local:        http://localhost:3000
2025-08-01T20:44:09:    - Network:      http://31.97.115.45:3000
2025-08-01T20:44:09: 
2025-08-01T20:44:09:  ✓ Starting...
2025-08-01T21:01:11: 
2025-08-01T21:01:11: > succinct-recipes@0.1.0 start
2025-08-01T21:01:11: > next start
2025-08-01T21:01:11: 
2025-08-01T21:01:11:    ▲ Next.js 15.4.5
2025-08-01T21:01:11:    - Local:        http://localhost:3000
2025-08-01T21:01:11:    - Network:      http://31.97.115.45:3000
2025-08-01T21:01:11: 
2025-08-01T21:01:11:  ✓ Starting...
2025-08-01T21:01:12:  ✓ Ready in 458ms
2025-08-01T21:03:06: 
2025-08-01T21:03:06: > succinct-recipes@0.1.0 start
2025-08-01T21:03:06: > next start
2025-08-01T21:03:06: 
2025-08-01T21:03:06:    ▲ Next.js 15.4.5
2025-08-01T21:03:06:    - Local:        http://localhost:3000
2025-08-01T21:03:06:    - Network:      http://31.97.115.45:3000
2025-08-01T21:03:06: 
2025-08-01T21:03:06:  ✓ Starting...
2025-08-01T21:03:07: 
2025-08-01T21:03:07: > succinct-recipes@0.1.0 start
2025-08-01T21:03:07: > next start
2025-08-01T21:03:07: 
2025-08-01T21:03:07:    ▲ Next.js 15.4.5
2025-08-01T21:03:07:    - Local:        http://localhost:3000
2025-08-01T21:03:07:    - Network:      http://31.97.115.45:3000
2025-08-01T21:03:07: 
2025-08-01T21:03:07:  ✓ Starting...
2025-08-01T21:03:07: 
2025-08-01T21:03:07: > succinct-recipes@0.1.0 start
2025-08-01T21:03:07: > next start
2025-08-01T21:03:07: 
2025-08-01T21:03:07:    ▲ Next.js 15.4.5
2025-08-01T21:03:07:    - Local:        http://localhost:3000
2025-08-01T21:03:07:    - Network:      http://31.97.115.45:3000
2025-08-01T21:03:07: 
2025-08-01T21:03:07:  ✓ Starting...
2025-08-01T21:03:08: 
2025-08-01T21:03:08: > succinct-recipes@0.1.0 start
2025-08-01T21:03:08: > next start
2025-08-01T21:03:08: 
2025-08-01T21:03:08:    ▲ Next.js 15.4.5
2025-08-01T21:03:08:    - Local:        http://localhost:3000
2025-08-01T21:03:08:    - Network:      http://31.97.115.45:3000
2025-08-01T21:03:08: 
2025-08-01T21:03:08:  ✓ Starting...
2025-08-01T21:03:08: 
2025-08-01T21:03:08: > succinct-recipes@0.1.0 start
2025-08-01T21:03:08: > next start
2025-08-01T21:03:08: 
2025-08-01T21:03:09:    ▲ Next.js 15.4.5
2025-08-01T21:03:09:    - Local:        http://localhost:3000
2025-08-01T21:03:09:    - Network:      http://31.97.115.45:3000
2025-08-01T21:03:09: 
2025-08-01T21:03:09:  ✓ Starting...
2025-08-01T21:03:09: 
2025-08-01T21:03:09: > succinct-recipes@0.1.0 start
2025-08-01T21:03:09: > next start
2025-08-01T21:03:09: 
2025-08-01T21:03:09:    ▲ Next.js 15.4.5
2025-08-01T21:03:09:    - Local:        http://localhost:3000
2025-08-01T21:03:09:    - Network:      http://31.97.115.45:3000
2025-08-01T21:03:09: 
2025-08-01T21:03:09:  ✓ Starting...
2025-08-01T21:03:10: 
2025-08-01T21:03:10: > succinct-recipes@0.1.0 start
2025-08-01T21:03:10: > next start
2025-08-01T21:03:10: 
2025-08-01T21:03:10:    ▲ Next.js 15.4.5
2025-08-01T21:03:10:    - Local:        http://localhost:3000
2025-08-01T21:03:10:    - Network:      http://31.97.115.45:3000
2025-08-01T21:03:10: 
2025-08-01T21:03:10:  ✓ Starting...
2025-08-01T21:03:10: 
2025-08-01T21:03:10: > succinct-recipes@0.1.0 start
2025-08-01T21:03:10: > next start
2025-08-01T21:03:10: 
2025-08-01T21:03:11:    ▲ Next.js 15.4.5
2025-08-01T21:03:11:    - Local:        http://localhost:3000
2025-08-01T21:03:11:    - Network:      http://31.97.115.45:3000
2025-08-01T21:03:11: 
2025-08-01T21:03:11:  ✓ Starting...
2025-08-01T21:03:11: 
2025-08-01T21:03:11: > succinct-recipes@0.1.0 start
2025-08-01T21:03:11: > next start
2025-08-01T21:03:11: 
2025-08-01T21:03:11:    ▲ Next.js 15.4.5
2025-08-01T21:03:11:    - Local:        http://localhost:3000
2025-08-01T21:03:11:    - Network:      http://31.97.115.45:3000
2025-08-01T21:03:11: 
2025-08-01T21:03:11:  ✓ Starting...
2025-08-01T21:03:12: 
2025-08-01T21:03:12: > succinct-recipes@0.1.0 start
2025-08-01T21:03:12: > next start
2025-08-01T21:03:12: 
2025-08-01T21:03:12:    ▲ Next.js 15.4.5
2025-08-01T21:03:12:    - Local:        http://localhost:3000
2025-08-01T21:03:12:    - Network:      http://31.97.115.45:3000
2025-08-01T21:03:12: 
2025-08-01T21:03:12:  ✓ Starting...
2025-08-01T21:03:12: 
2025-08-01T21:03:12: > succinct-recipes@0.1.0 start
2025-08-01T21:03:12: > next start
2025-08-01T21:03:12: 
2025-08-01T21:03:12:    ▲ Next.js 15.4.5
2025-08-01T21:03:12:    - Local:        http://localhost:3000
2025-08-01T21:03:12:    - Network:      http://31.97.115.45:3000
2025-08-01T21:03:12: 
2025-08-01T21:03:12:  ✓ Starting...
2025-08-01T21:03:13: 
2025-08-01T21:03:13: > succinct-recipes@0.1.0 start
2025-08-01T21:03:13: > next start
2025-08-01T21:03:13: 
2025-08-01T21:03:13:    ▲ Next.js 15.4.5
2025-08-01T21:03:13:    - Local:        http://localhost:3000
2025-08-01T21:03:13:    - Network:      http://31.97.115.45:3000
2025-08-01T21:03:13: 
2025-08-01T21:03:13:  ✓ Starting...
2025-08-01T21:03:13: 
2025-08-01T21:03:13: > succinct-recipes@0.1.0 start
2025-08-01T21:03:13: > next start
2025-08-01T21:03:13: 
2025-08-01T21:03:14:    ▲ Next.js 15.4.5
2025-08-01T21:03:14:    - Local:        http://localhost:3000
2025-08-01T21:03:14:    - Network:      http://31.97.115.45:3000
2025-08-01T21:03:14: 
2025-08-01T21:03:14:  ✓ Starting...
2025-08-01T21:03:14: 
2025-08-01T21:03:14: > succinct-recipes@0.1.0 start
2025-08-01T21:03:14: > next start
2025-08-01T21:03:14: 
2025-08-01T21:03:14:    ▲ Next.js 15.4.5
2025-08-01T21:03:14:    - Local:        http://localhost:3000
2025-08-01T21:03:14:    - Network:      http://31.97.115.45:3000
2025-08-01T21:03:14: 
2025-08-01T21:03:14:  ✓ Starting...
2025-08-01T21:03:15: 
2025-08-01T21:03:15: > succinct-recipes@0.1.0 start
2025-08-01T21:03:15: > next start
2025-08-01T21:03:15: 
2025-08-01T21:03:15:    ▲ Next.js 15.4.5
2025-08-01T21:03:15:    - Local:        http://localhost:3000
2025-08-01T21:03:15:    - Network:      http://31.97.115.45:3000
2025-08-01T21:03:15: 
2025-08-01T21:03:15:  ✓ Starting...
2025-08-01T21:03:15: 
2025-08-01T21:03:15: > succinct-recipes@0.1.0 start
2025-08-01T21:03:15: > next start
2025-08-01T21:03:15: 
2025-08-01T21:03:15:    ▲ Next.js 15.4.5
2025-08-01T21:03:15:    - Local:        http://localhost:3000
2025-08-01T21:03:15:    - Network:      http://31.97.115.45:3000
2025-08-01T21:03:15: 
2025-08-01T21:03:15:  ✓ Starting...
